<?xml version="1.0" encoding="UTF-8"?>
<!-- Generated by org.testng.reporters.JUnitReportReporter -->
<testsuite skipped="0" hostname="hp-PC" name="SampleTest.Test1" tests="1" failures="0" timestamp="09 May 2019 19:00:49 GMT" time="8.697" errors="0">
  <testcase name="test1" time="8.697" classname="SampleTest.Test1"/>
</testsuite> <!-- SampleTest.Test1 -->
